<?xml version="1.0" encoding="UTF-8"?>
<testsuite name="ToDoAppTest" tests="11" skipped="0" failures="0" errors="0" timestamp="2022-03-28T11:54:10" hostname="DESKTOP-LM7505R" time="0.044">
  <properties/>
  <testcase name="unCheckATaskByIndex()" classname="ToDoAppTest" time="0.033"/>
  <testcase name="checkATaskByName()" classname="ToDoAppTest" time="0.0"/>
  <testcase name="remove2TimesATaskByIdToTheToDoList()" classname="ToDoAppTest" time="0.0"/>
  <testcase name="unCheckATaskByName()" classname="ToDoAppTest" time="0.001"/>
  <testcase name="addTwiceTaskToTheToDoList()" classname="ToDoAppTest" time="0.001"/>
  <testcase name="initToDoList()" classname="ToDoAppTest" time="0.0"/>
  <testcase name="checkATaskByIndex()" classname="ToDoAppTest" time="0.0"/>
  <testcase name="addTaskToTheToDoList()" classname="ToDoAppTest" time="0.0"/>
  <testcase name="sortToDoListByTaskChecked()" classname="ToDoAppTest" time="0.003"/>
  <testcase name="sortToDoListByTaskNames()" classname="ToDoAppTest" time="0.001"/>
  <testcase name="removeTaskByIdToTheToDoList()" classname="ToDoAppTest" time="0.0"/>
  <system-out><![CDATA[]]></system-out>
  <system-err><![CDATA[]]></system-err>
</testsuite>
