<?xml version="1.0" encoding="UTF-8"?>
<testsuite name="StringCalculator" tests="6" skipped="0" failures="0" errors="0" timestamp="2022-03-25T15:44:21" hostname="DESKTOP-LM7505R" time="0.065">
  <properties/>
  <testcase name="if there are 1 number return number()" classname="StringCalculator" time="0.056"/>
  <testcase name="manyNumbers()" classname="StringCalculator" time="0.004"/>
  <testcase name="if there are 2 numbers return addition of the 2 numbers()" classname="StringCalculator" time="0.001"/>
  <testcase name="missingNumberInLastPosition()" classname="StringCalculator" time="0.001"/>
  <testcase name="if number is emptyString return str(0)()" classname="StringCalculator" time="0.001"/>
  <testcase name="newLineAsSeparator()" classname="StringCalculator" time="0.001"/>
  <system-out><![CDATA[]]></system-out>
  <system-err><![CDATA[]]></system-err>
</testsuite>
